Sun Mar 10 11:27:04 2019       
+-----------------------------------------------------------------------------+
| NVIDIA-SMI 415.25       Driver Version: 415.25       CUDA Version: 10.0     |
|-------------------------------+----------------------+----------------------+
| GPU  Name        Persistence-M| Bus-Id        Disp.A | Volatile Uncorr. ECC |
| Fan  Temp  Perf  Pwr:Usage/Cap|         Memory-Usage | GPU-Util  Compute M. |
|===============================+======================+======================|
|   0  Tesla V100-SXM2...  On   | 00000000:15:00.0 Off |                    0 |
| N/A   25C    P0    40W / 300W |      0MiB / 32480MiB |      0%   E. Process |
+-------------------------------+----------------------+----------------------+
                                                                               
+-----------------------------------------------------------------------------+
| Processes:                                                       GPU Memory |
|  GPU       PID   Type   Process name                             Usage      |
|=============================================================================|
|  No running processes found                                                 |
+-----------------------------------------------------------------------------+
/appl/cuda/9.2/samples/bin/x86_64/linux/release/deviceQuery Starting...

 CUDA Device Query (Runtime API) version (CUDART static linking)

Detected 1 CUDA Capable device(s)

Device 0: "Tesla V100-SXM2-32GB"
  CUDA Driver Version / Runtime Version          10.0 / 9.2
  CUDA Capability Major/Minor version number:    7.0
  Total amount of global memory:                 32480 MBytes (34058272768 bytes)
  (80) Multiprocessors, ( 64) CUDA Cores/MP:     5120 CUDA Cores
  GPU Max Clock rate:                            1530 MHz (1.53 GHz)
  Memory Clock rate:                             877 Mhz
  Memory Bus Width:                              4096-bit
  L2 Cache Size:                                 6291456 bytes
  Maximum Texture Dimension Size (x,y,z)         1D=(131072), 2D=(131072, 65536), 3D=(16384, 16384, 16384)
  Maximum Layered 1D Texture Size, (num) layers  1D=(32768), 2048 layers
  Maximum Layered 2D Texture Size, (num) layers  2D=(32768, 32768), 2048 layers
  Total amount of constant memory:               65536 bytes
  Total amount of shared memory per block:       49152 bytes
  Total number of registers available per block: 65536
  Warp size:                                     32
  Maximum number of threads per multiprocessor:  2048
  Maximum number of threads per block:           1024
  Max dimension size of a thread block (x,y,z): (1024, 1024, 64)
  Max dimension size of a grid size    (x,y,z): (2147483647, 65535, 65535)
  Maximum memory pitch:                          2147483647 bytes
  Texture alignment:                             512 bytes
  Concurrent copy and kernel execution:          Yes with 5 copy engine(s)
  Run time limit on kernels:                     No
  Integrated GPU sharing Host Memory:            No
  Support host page-locked memory mapping:       Yes
  Alignment requirement for Surfaces:            Yes
  Device has ECC support:                        Enabled
  Device supports Unified Addressing (UVA):      Yes
  Device supports Compute Preemption:            Yes
  Supports Cooperative Kernel Launch:            Yes
  Supports MultiDevice Co-op Kernel Launch:      Yes
  Device PCI Domain ID / Bus ID / location ID:   0 / 21 / 0
  Compute Mode:
     < Exclusive Process (many threads in one process is able to use ::cudaSetDevice() with this device) >

deviceQuery, CUDA Driver = CUDART, CUDA Driver Version = 10.0, CUDA Runtime Version = 9.2, NumDevs = 1
Result = PASS
Collecting pip
  Using cached https://files.pythonhosted.org/packages/d8/f3/413bab4ff08e1fc4828dfc59996d721917df8e8583ea85385d51125dceff/pip-19.0.3-py2.py3-none-any.whl
Installing collected packages: pip
  Found existing installation: pip 9.0.1
    Uninstalling pip-9.0.1:
      Successfully uninstalled pip-9.0.1
Successfully installed pip-19.0.3
Collecting numpy==1.16.2 (from -r requirements.txt (line 1))
  Using cached https://files.pythonhosted.org/packages/35/d5/4f8410ac303e690144f0a0603c4b8fd3b986feb2749c435f7cdbb288f17e/numpy-1.16.2-cp36-cp36m-manylinux1_x86_64.whl
Collecting rawpy==0.13.1 (from -r requirements.txt (line 2))
  Using cached https://files.pythonhosted.org/packages/da/04/997062d83766f5fbfa4dc0d20180c5085b55a74e69559e9cb6d4f1e9550e/rawpy-0.13.1-cp36-cp36m-manylinux1_x86_64.whl
Collecting torch==1.0.1.post2 (from -r requirements.txt (line 3))
  Using cached https://files.pythonhosted.org/packages/31/ca/dd2c64f8ab5e7985c4af6e62da933849293906edcdb70dac679c93477733/torch-1.0.1.post2-cp36-cp36m-manylinux1_x86_64.whl
Installing collected packages: numpy, rawpy, torch
Successfully installed numpy-1.16.2 rawpy-0.13.1 torch-1.0.1.post2
