Fri Mar 29 11:29:22 2019       
+-----------------------------------------------------------------------------+
| NVIDIA-SMI 415.25       Driver Version: 415.25       CUDA Version: 10.0     |
|-------------------------------+----------------------+----------------------+
| GPU  Name        Persistence-M| Bus-Id        Disp.A | Volatile Uncorr. ECC |
| Fan  Temp  Perf  Pwr:Usage/Cap|         Memory-Usage | GPU-Util  Compute M. |
|===============================+======================+======================|
|   0  Tesla V100-PCIE...  On   | 00000000:58:00.0 Off |                    0 |
| N/A   28C    P0    27W / 250W |      0MiB / 32480MiB |      0%   E. Process |
+-------------------------------+----------------------+----------------------+
                                                                               
+-----------------------------------------------------------------------------+
| Processes:                                                       GPU Memory |
|  GPU       PID   Type   Process name                             Usage      |
|=============================================================================|
|  No running processes found                                                 |
+-----------------------------------------------------------------------------+
/appl/cuda/9.2/samples/bin/x86_64/linux/release/deviceQuery Starting...

 CUDA Device Query (Runtime API) version (CUDART static linking)

Detected 1 CUDA Capable device(s)

Device 0: "Tesla V100-PCIE-32GB"
  CUDA Driver Version / Runtime Version          10.0 / 9.2
  CUDA Capability Major/Minor version number:    7.0
  Total amount of global memory:                 32480 MBytes (34058272768 bytes)
  (80) Multiprocessors, ( 64) CUDA Cores/MP:     5120 CUDA Cores
  GPU Max Clock rate:                            1380 MHz (1.38 GHz)
  Memory Clock rate:                             877 Mhz
  Memory Bus Width:                              4096-bit
  L2 Cache Size:                                 6291456 bytes
  Maximum Texture Dimension Size (x,y,z)         1D=(131072), 2D=(131072, 65536), 3D=(16384, 16384, 16384)
  Maximum Layered 1D Texture Size, (num) layers  1D=(32768), 2048 layers
  Maximum Layered 2D Texture Size, (num) layers  2D=(32768, 32768), 2048 layers
  Total amount of constant memory:               65536 bytes
  Total amount of shared memory per block:       49152 bytes
  Total number of registers available per block: 65536
  Warp size:                                     32
  Maximum number of threads per multiprocessor:  2048
  Maximum number of threads per block:           1024
  Max dimension size of a thread block (x,y,z): (1024, 1024, 64)
  Max dimension size of a grid size    (x,y,z): (2147483647, 65535, 65535)
  Maximum memory pitch:                          2147483647 bytes
  Texture alignment:                             512 bytes
  Concurrent copy and kernel execution:          Yes with 7 copy engine(s)
  Run time limit on kernels:                     No
  Integrated GPU sharing Host Memory:            No
  Support host page-locked memory mapping:       Yes
  Alignment requirement for Surfaces:            Yes
  Device has ECC support:                        Enabled
  Device supports Unified Addressing (UVA):      Yes
  Device supports Compute Preemption:            Yes
  Supports Cooperative Kernel Launch:            Yes
  Supports MultiDevice Co-op Kernel Launch:      Yes
  Device PCI Domain ID / Bus ID / location ID:   0 / 88 / 0
  Compute Mode:
     < Exclusive Process (many threads in one process is able to use ::cudaSetDevice() with this device) >

deviceQuery, CUDA Driver = CUDART, CUDA Driver Version = 10.0, CUDA Runtime Version = 9.2, NumDevs = 1
Result = PASS
Requirement already up-to-date: pip in ./env/lib/python3.6/site-packages (19.0.3)
Requirement already satisfied: numpy in ./env/lib/python3.6/site-packages (from -r requirements.txt (line 1)) (1.16.2)
Requirement already satisfied: rawpy in ./env/lib/python3.6/site-packages (from -r requirements.txt (line 2)) (0.13.1)
Requirement already satisfied: torch in ./env/lib/python3.6/site-packages (from -r requirements.txt (line 3)) (1.0.1.post2)
Requirement already satisfied: torchsummary in ./env/lib/python3.6/site-packages (from -r requirements.txt (line 4)) (1.5.1)
Requirement already satisfied: pillow in ./env/lib/python3.6/site-packages (from -r requirements.txt (line 5)) (5.4.1)
Requirement already satisfied: visdom in ./env/lib/python3.6/site-packages (from -r requirements.txt (line 6)) (0.1.8.8)
Requirement already satisfied: scipy in ./env/lib/python3.6/site-packages (from visdom->-r requirements.txt (line 6)) (1.2.1)
Requirement already satisfied: requests in ./env/lib/python3.6/site-packages (from visdom->-r requirements.txt (line 6)) (2.21.0)
Requirement already satisfied: tornado in ./env/lib/python3.6/site-packages (from visdom->-r requirements.txt (line 6)) (6.0.1)
Requirement already satisfied: pyzmq in ./env/lib/python3.6/site-packages (from visdom->-r requirements.txt (line 6)) (18.0.1)
Requirement already satisfied: six in ./env/lib/python3.6/site-packages (from visdom->-r requirements.txt (line 6)) (1.12.0)
Requirement already satisfied: torchfile in ./env/lib/python3.6/site-packages (from visdom->-r requirements.txt (line 6)) (0.1.0)
Requirement already satisfied: websocket-client in ./env/lib/python3.6/site-packages (from visdom->-r requirements.txt (line 6)) (0.55.0)
Requirement already satisfied: chardet<3.1.0,>=3.0.2 in ./env/lib/python3.6/site-packages (from requests->visdom->-r requirements.txt (line 6)) (3.0.4)
Requirement already satisfied: idna<2.9,>=2.5 in ./env/lib/python3.6/site-packages (from requests->visdom->-r requirements.txt (line 6)) (2.8)
Requirement already satisfied: urllib3<1.25,>=1.21.1 in ./env/lib/python3.6/site-packages (from requests->visdom->-r requirements.txt (line 6)) (1.24.1)
Requirement already satisfied: certifi>=2017.4.17 in ./env/lib/python3.6/site-packages (from requests->visdom->-r requirements.txt (line 6)) (2019.3.9)
Directory: ./output/29112922/
----------------------------------------------------------------
        Layer (type)               Output Shape         Param #
================================================================
            Conv2d-1         [-1, 32, 512, 512]           1,184
         LeakyReLU-2         [-1, 32, 512, 512]               0
            Conv2d-3         [-1, 32, 512, 512]           9,248
         LeakyReLU-4         [-1, 32, 512, 512]               0
   DoubleConvBlock-5         [-1, 32, 512, 512]               0
         MaxPool2d-6         [-1, 32, 256, 256]               0
            Conv2d-7         [-1, 64, 256, 256]          18,496
         LeakyReLU-8         [-1, 64, 256, 256]               0
            Conv2d-9         [-1, 64, 256, 256]          36,928
        LeakyReLU-10         [-1, 64, 256, 256]               0
  DoubleConvBlock-11         [-1, 64, 256, 256]               0
        DownBlock-12         [-1, 64, 256, 256]               0
        MaxPool2d-13         [-1, 64, 128, 128]               0
           Conv2d-14        [-1, 128, 128, 128]          73,856
        LeakyReLU-15        [-1, 128, 128, 128]               0
           Conv2d-16        [-1, 128, 128, 128]         147,584
        LeakyReLU-17        [-1, 128, 128, 128]               0
  DoubleConvBlock-18        [-1, 128, 128, 128]               0
        DownBlock-19        [-1, 128, 128, 128]               0
        MaxPool2d-20          [-1, 128, 64, 64]               0
           Conv2d-21          [-1, 256, 64, 64]         295,168
        LeakyReLU-22          [-1, 256, 64, 64]               0
           Conv2d-23          [-1, 256, 64, 64]         590,080
        LeakyReLU-24          [-1, 256, 64, 64]               0
  DoubleConvBlock-25          [-1, 256, 64, 64]               0
        DownBlock-26          [-1, 256, 64, 64]               0
        MaxPool2d-27          [-1, 256, 32, 32]               0
           Conv2d-28          [-1, 512, 32, 32]       1,180,160
        LeakyReLU-29          [-1, 512, 32, 32]               0
           Conv2d-30          [-1, 512, 32, 32]       2,359,808
        LeakyReLU-31          [-1, 512, 32, 32]               0
  DoubleConvBlock-32          [-1, 512, 32, 32]               0
        DownBlock-33          [-1, 512, 32, 32]               0
  ConvTranspose2d-34          [-1, 256, 64, 64]         524,544
           Conv2d-35          [-1, 256, 64, 64]       1,179,904
        LeakyReLU-36          [-1, 256, 64, 64]               0
           Conv2d-37          [-1, 256, 64, 64]         590,080
        LeakyReLU-38          [-1, 256, 64, 64]               0
  DoubleConvBlock-39          [-1, 256, 64, 64]               0
          UpBlock-40          [-1, 256, 64, 64]               0
  ConvTranspose2d-41        [-1, 128, 128, 128]         131,200
           Conv2d-42        [-1, 128, 128, 128]         295,040
        LeakyReLU-43        [-1, 128, 128, 128]               0
           Conv2d-44        [-1, 128, 128, 128]         147,584
        LeakyReLU-45        [-1, 128, 128, 128]               0
  DoubleConvBlock-46        [-1, 128, 128, 128]               0
          UpBlock-47        [-1, 128, 128, 128]               0
  ConvTranspose2d-48         [-1, 64, 256, 256]          32,832
           Conv2d-49         [-1, 64, 256, 256]          73,792
        LeakyReLU-50         [-1, 64, 256, 256]               0
           Conv2d-51         [-1, 64, 256, 256]          36,928
        LeakyReLU-52         [-1, 64, 256, 256]               0
  DoubleConvBlock-53         [-1, 64, 256, 256]               0
          UpBlock-54         [-1, 64, 256, 256]               0
  ConvTranspose2d-55         [-1, 32, 512, 512]           8,224
           Conv2d-56         [-1, 32, 512, 512]          18,464
        LeakyReLU-57         [-1, 32, 512, 512]               0
           Conv2d-58         [-1, 32, 512, 512]           9,248
        LeakyReLU-59         [-1, 32, 512, 512]               0
  DoubleConvBlock-60         [-1, 32, 512, 512]               0
          UpBlock-61         [-1, 32, 512, 512]               0
           Conv2d-62         [-1, 12, 512, 512]             396
     OutConvBLock-63         [-1, 12, 512, 512]               0
  GeneratorUNetV1-64        [-1, 3, 1024, 1024]               0
================================================================
Total params: 7,760,748
Trainable params: 7,760,748
Non-trainable params: 0
----------------------------------------------------------------
Input size (MB): 4.00
Forward/backward pass size (MB): 1622.00
Params size (MB): 29.60
Estimated Total Size (MB): 1655.60
----------------------------------------------------------------
