Loaded module: python3/3.6.2
Loaded module: cuda/9.2
Loaded module: cudnn/v7.4.2.24-prod-cuda-9.2
Error: [Errno 1] Operation not permitted: '/work3/s164440/shared/IllumiGANResearch/env/bin/activate.fish'
/work3/s164440/shared/IllumiGANResearch/env/lib/python3.6/site-packages/torch/nn/functional.py:2016: UserWarning: Using a target size (torch.Size([])) that is different to the input size (torch.Size([1, 1, 1024, 1024])) is deprecated. Please ensure they have the same size.
  "Please ensure they have the same size.".format(target.size(), input.size()))
Traceback (most recent call last):
  File "train.py", line 79, in <module>
    model.optimize_parameters()
  File "/work3/s164440/shared/IllumiGANResearch/models/illumigan_model.py", line 254, in optimize_parameters
    self.d_backward()
  File "/work3/s164440/shared/IllumiGANResearch/models/illumigan_model.py", line 219, in d_backward
    real_loss = self.GAN_loss.compute(real_prediction, 1.0)
  File "/work3/s164440/shared/IllumiGANResearch/models/nets.py", line 210, in compute
    loss = self.loss(t_prediction, t_target)
  File "/work3/s164440/shared/IllumiGANResearch/env/lib/python3.6/site-packages/torch/nn/modules/module.py", line 489, in __call__
    result = self.forward(*input, **kwargs)
  File "/work3/s164440/shared/IllumiGANResearch/env/lib/python3.6/site-packages/torch/nn/modules/loss.py", line 504, in forward
    return F.binary_cross_entropy(input, target, weight=self.weight, reduction=self.reduction)
  File "/work3/s164440/shared/IllumiGANResearch/env/lib/python3.6/site-packages/torch/nn/functional.py", line 2019, in binary_cross_entropy
    "!= input nelement ({})".format(target.numel(), input.numel()))
ValueError: Target and input must have the same number of elements. target nelement (1) != input nelement (1048576)
